This is pdfTeX, Version 3.1415926-2.4-1.40.13 (TeX Live 2012/Debian) (format=pdflatex 2013.8.13)  18 SEP 2013 10:00
entering extended mode
 restricted \write18 enabled.
 %&-line parsing enabled.
**3.0.tex
(./3.0.tex
LaTeX2e <2011/06/27>
Babel <v3.8m> and hyphenation patterns for english, dumylang, nohyphenation, et
hiopic, farsi, arabic, pinyin, croatian, bulgarian, ukrainian, russian, slovak,
 czech, danish, dutch, usenglishmax, ukenglish, finnish, french, basque, ngerma
n, german, swissgerman, ngerman-x-2012-05-30, german-x-2012-05-30, monogreek, g
reek, ibycus, ancientgreek, hungarian, bengali, tamil, hindi, telugu, gujarati,
 sanskrit, malayalam, kannada, assamese, marathi, oriya, panjabi, italian, lati
n, latvian, lithuanian, mongolian, mongolianlmc, nynorsk, bokmal, indonesian, e
speranto, coptic, welsh, irish, interlingua, serbian, serbianc, slovenian, friu
lan, romansh, estonian, romanian, armenian, uppersorbian, turkish, afrikaans, i
celandic, kurmanji, polish, portuguese, galician, catalan, spanish, swedish, th
ai, loaded.
(/usr/share/texlive/texmf-dist/tex/latex/revtex/revtex4-1.cls
Document Class: revtex4-1 2010/07/25/20:33:00 4.1r (http://publish.aps.org/revt
ex4/ for documentation)
 Copyright (c) 2009 The American Physical Society.
 mailto:revtex@aps.org
 Licensed under the LPPL:
http://www.ctan.org/tex-archive/macros/latex/base/lppl.txt
 Arthur Ogawa <arthur_ogawa at sbcglobal dot net>
 Based on work by David Carlisle <david at dcarlisle.demon.co.uk>.
ltxutil[2010/07/25/20:33:00 4.1r utilities package (portions licensed from W. E
. Baxter web at superscript.com)]
LaTeX Info: Redefining \@centercr on input line 308.
Class revtex4-1 Info: Repairing broken LaTeX eqnarray on input line 358.
\eqncolsep=\skip41
Class revtex4-1 Info: Repairing hyperref-unfriendly LaTeX definition of \mpfoot
note on input line 433.
Class revtex4-1 Info: Repairing broken LateX \@sect on input line 755.
\intertabularlinepenalty=\count79
\@tbpen=\count80
\@arstrutbox@hline=\box26
Class revtex4-1 Info: Repairing broken LaTeX \@xbitor on input line 1786.
Class revtex4-1 Info: Making \typeout \long on input line 2046.
ltxfront[2010/07/25/20:33:00 4.1r frontmatter package (AO,DPC)]
\c@affil=\count81
\c@collab=\count82
\absbox=\box27
ltxgrid[2010/07/25/20:33:00 4.1r page grid package (portions licensed from W. E
. Baxter web at superscript.com)]
\c@linecount=\count83
\output@latex=\toks14
\box@size@1=\box28
\box@size@2=\box29
\@protection@box=\box30
\@topmark@saved=\toks15
\footins@saved=\box31
\footins@recovered=\box32
\column@recovered=\box33
\pagesofar=\box34
\footsofar=\box35
\pagegrid@col=\count84
Class revtex4-1 Info: Overriding \@vspace, \@vspacer, \@no@pgbk, \@newline, and
 \\  on input line 5578.
\c@part=\count85
\c@section=\count86
\c@subsection=\count87
\c@subsubsection=\count88
\c@paragraph=\count89
\c@subparagraph=\count90
\abovecaptionskip=\skip42
\belowcaptionskip=\skip43
\c@figure=\count91
\fbox@1=\box36
\c@table=\count92
\fbox@2=\box37
\c@video=\count93
\fbox@4=\box38
\@bibdataout=\write3
\widetext@top=\box39
\widetext@bot=\box40
Class revtex4-1 Info: Selecting society aps on input line 7542.
(/usr/share/texlive/texmf-dist/tex/latex/revtex/aps4-1.rtx
File: aps4-1 2010/07/25/20:33:00 4.1r (http://publish.aps.org/revtex4/ for docu
mentation)
Class revtex4-1 Info: RevTeX society APS selected on input line 31.
)
Class revtex4-1 Info: Selecting journal prl on input line 7544.
Class revtex4-1 Info: APS journal PRL selected on input line 7545.

(/usr/share/texlive/texmf-dist/tex/latex/revtex/aps12pt4-1.rtx
File: aps12pt4-1 2010/07/25/20:33:00 4.1r (http://publish.aps.org/revtex4/ for 
documentation)
Class revtex4-1 Info: RevTeX pointsize 12pt selected on input line 30.
)
(/usr/share/texlive/texmf-dist/tex/latex/textcase/textcase.sty
Package: textcase 2004/10/07 v0.07 Text only upper/lower case changing (DPC)
)
(/usr/share/texlive/texmf-dist/tex/latex/url/url.sty
\Urlmuskip=\muskip10
Package: url 2006/04/12  ver 3.3  Verb mode for urls, etc.
)
(/usr/share/texlive/texmf-dist/tex/latex/natbib/natbib.sty
Package: natbib 2010/09/13 8.31b (PWD, AO)
\bibhang=\skip44
\bibsep=\skip45
LaTeX Info: Redefining \cite on input line 694.
\c@NAT@ctr=\count94
)
Class revtex4-1 Info: Repairing natbib's \BibitemShut on input line 7549.

(/usr/share/texlive/texmf-dist/tex/latex/revtex/revsymb4-1.sty
Package: revsymb4-1 2010/07/25/20:33:00 4.1r (http://publish.aps.org/revtex4/ f
or documentation)
LaTeX Info: Redefining \REV@mathfrak on input line 119.
))
(/usr/share/texlive/texmf-dist/tex/latex/graphics/graphicx.sty
Package: graphicx 1999/02/16 v1.0f Enhanced LaTeX Graphics (DPC,SPQR)

(/usr/share/texlive/texmf-dist/tex/latex/graphics/keyval.sty
Package: keyval 1999/03/16 v1.13 key=value parser (DPC)
\KV@toks@=\toks16
)
(/usr/share/texlive/texmf-dist/tex/latex/graphics/graphics.sty
Package: graphics 2009/02/05 v1.0o Standard LaTeX Graphics (DPC,SPQR)

(/usr/share/texlive/texmf-dist/tex/latex/graphics/trig.sty
Package: trig 1999/03/16 v1.09 sin cos tan (DPC)
)
(/usr/share/texlive/texmf-dist/tex/latex/latexconfig/graphics.cfg
File: graphics.cfg 2010/04/23 v1.9 graphics configuration of TeX Live
)
Package graphics Info: Driver file: pdftex.def on input line 91.

(/usr/share/texlive/texmf-dist/tex/latex/pdftex-def/pdftex.def
File: pdftex.def 2011/05/27 v0.06d Graphics/color for pdfTeX

(/usr/share/texlive/texmf-dist/tex/generic/oberdiek/infwarerr.sty
Package: infwarerr 2010/04/08 v1.3 Providing info/warning/error messages (HO)
)
(/usr/share/texlive/texmf-dist/tex/generic/oberdiek/ltxcmds.sty
Package: ltxcmds 2011/11/09 v1.22 LaTeX kernel commands for general use (HO)
)
\Gread@gobject=\count95
))
\Gin@req@height=\dimen102
\Gin@req@width=\dimen103
)
(/usr/share/texlive/texmf-dist/tex/latex/tools/tabularx.sty
Package: tabularx 1999/01/07 v2.07 `tabularx' package (DPC)

(/usr/share/texlive/texmf-dist/tex/latex/tools/array.sty
Package: array 2008/09/09 v2.4c Tabular extension package (FMi)
\col@sep=\dimen104
\extrarowheight=\dimen105
\NC@list=\toks17
\extratabsurround=\skip46
\backup@length=\skip47
)
\TX@col@width=\dimen106
\TX@old@table=\dimen107
\TX@old@col=\dimen108
\TX@target=\dimen109
\TX@delta=\dimen110
\TX@cols=\count96
\TX@ftn=\toks18
) (./lineno.sty
Package: lineno 2005/11/02 line numbers on paragraphs v4.41
\linenopenalty=\count97
\output=\toks19
\linenoprevgraf=\count98
\linenumbersep=\dimen111
\linenumberwidth=\dimen112
\c@linenumber=\count99
\c@pagewiselinenumber=\count100
\c@LN@truepage=\count101
\c@internallinenumber=\count102
\c@internallinenumbers=\count103
\quotelinenumbersep=\dimen113
\bframerule=\dimen114
\bframesep=\dimen115
\bframebox=\box41
LaTeX Info: Redefining \\ on input line 3056.
)
(/usr/share/texlive/texmf-dist/tex/latex/amsfonts/amssymb.sty
Package: amssymb 2009/06/22 v3.00

(/usr/share/texlive/texmf-dist/tex/latex/amsfonts/amsfonts.sty
Package: amsfonts 2009/06/22 v3.00 Basic AMSFonts support
\@emptytoks=\toks20
\symAMSa=\mathgroup4
\symAMSb=\mathgroup5
LaTeX Font Info:    Overwriting math alphabet `\mathfrak' in version `bold'
(Font)                  U/euf/m/n --> U/euf/b/n on input line 96.
LaTeX Info: Redefining \frak on input line 99.
LaTeX Info: Redefining \Bbb on input line 101.
))
(/usr/share/texmf/tex/latex/xcolor/xcolor.sty
Package: xcolor 2007/01/21 v2.11 LaTeX color extensions (UK)

(/usr/share/texlive/texmf-dist/tex/latex/latexconfig/color.cfg
File: color.cfg 2007/01/18 v1.5 color configuration of teTeX/TeXLive
)
Package xcolor Info: Driver file: pdftex.def on input line 225.
Package xcolor Info: Model `cmy' substituted by `cmy0' on input line 1337.
Package xcolor Info: Model `hsb' substituted by `rgb' on input line 1341.
Package xcolor Info: Model `RGB' extended on input line 1353.
Package xcolor Info: Model `HTML' substituted by `rgb' on input line 1355.
Package xcolor Info: Model `Hsb' substituted by `hsb' on input line 1356.
Package xcolor Info: Model `tHsb' substituted by `hsb' on input line 1357.
Package xcolor Info: Model `HSB' substituted by `hsb' on input line 1358.
Package xcolor Info: Model `Gray' substituted by `gray' on input line 1359.
Package xcolor Info: Model `wave' substituted by `hsb' on input line 1360.
)
Class revtex4-1 Info: Patching array package. on input line 19.
Class revtex4-1 Info: Robustifying \LaTeX's \boldmath command on input line 19.

Class revtex4-1 Info: cite was not loaded (OK!) on input line 19.
Class revtex4-1 Info: mcite was not loaded (OK!) on input line 19.
Class revtex4-1 Info: multicol was not loaded (OK!) on input line 19.
 (./3.0.aux

LaTeX Warning: Label `sec:2.3' multiply defined.

)
\openout1 = `3.0.aux'.

LaTeX Font Info:    Checking defaults for OML/cmm/m/it on input line 19.
LaTeX Font Info:    ... okay on input line 19.
LaTeX Font Info:    Checking defaults for T1/cmr/m/n on input line 19.
LaTeX Font Info:    ... okay on input line 19.
LaTeX Font Info:    Checking defaults for OT1/cmr/m/n on input line 19.
LaTeX Font Info:    ... okay on input line 19.
LaTeX Font Info:    Checking defaults for OMS/cmsy/m/n on input line 19.
LaTeX Font Info:    ... okay on input line 19.
LaTeX Font Info:    Checking defaults for OMX/cmex/m/n on input line 19.
LaTeX Font Info:    ... okay on input line 19.
LaTeX Font Info:    Checking defaults for U/cmr/m/n on input line 19.
LaTeX Font Info:    ... okay on input line 19.
 (/usr/share/texlive/texmf-dist/tex/context/base/supp-pdf.mkii
[Loading MPS to PDF converter (version 2006.09.02).]
\scratchcounter=\count104
\scratchdimen=\dimen116
\scratchbox=\box42
\nofMPsegments=\count105
\nofMParguments=\count106
\everyMPshowfont=\toks21
\MPscratchCnt=\count107
\MPscratchDim=\dimen117
\MPnumerator=\count108
\makeMPintoPDFobject=\count109
\everyMPtoPDFconversion=\toks22
) (/usr/share/texlive/texmf-dist/tex/generic/oberdiek/pdftexcmds.sty
Package: pdftexcmds 2011/11/29 v0.20 Utility functions of pdfTeX for LuaTeX (HO
)

(/usr/share/texlive/texmf-dist/tex/generic/oberdiek/ifluatex.sty
Package: ifluatex 2010/03/01 v1.3 Provides the ifluatex switch (HO)
Package ifluatex Info: LuaTeX not detected.
)
(/usr/share/texlive/texmf-dist/tex/generic/oberdiek/ifpdf.sty
Package: ifpdf 2011/01/30 v2.3 Provides the ifpdf switch (HO)
Package ifpdf Info: pdfTeX in PDF mode is detected.
)
Package pdftexcmds Info: LuaTeX not detected.
Package pdftexcmds Info: \pdf@primitive is available.
Package pdftexcmds Info: \pdf@ifprimitive is available.
Package pdftexcmds Info: \pdfdraftmode found.
)
(/usr/share/texlive/texmf-dist/tex/latex/oberdiek/epstopdf-base.sty
Package: epstopdf-base 2010/02/09 v2.5 Base part for package epstopdf

(/usr/share/texlive/texmf-dist/tex/latex/oberdiek/grfext.sty
Package: grfext 2010/08/19 v1.1 Manage graphics extensions (HO)

(/usr/share/texlive/texmf-dist/tex/generic/oberdiek/kvdefinekeys.sty
Package: kvdefinekeys 2011/04/07 v1.3 Define keys (HO)
))
(/usr/share/texlive/texmf-dist/tex/latex/oberdiek/kvoptions.sty
Package: kvoptions 2011/06/30 v3.11 Key value format for package options (HO)

(/usr/share/texlive/texmf-dist/tex/generic/oberdiek/kvsetkeys.sty
Package: kvsetkeys 2012/04/25 v1.16 Key value parser (HO)

(/usr/share/texlive/texmf-dist/tex/generic/oberdiek/etexcmds.sty
Package: etexcmds 2011/02/16 v1.5 Avoid name clashes with e-TeX commands (HO)
Package etexcmds Info: Could not find \expanded.
(etexcmds)             That can mean that you are not using pdfTeX 1.50 or
(etexcmds)             that some package has redefined \expanded.
(etexcmds)             In the latter case, load this package earlier.
)))
Package grfext Info: Graphics extension search list:
(grfext)             [.png,.pdf,.jpg,.mps,.jpeg,.jbig2,.jb2,.PNG,.PDF,.JPG,.JPE
G,.JBIG2,.JB2,.eps]
(grfext)             \AppendGraphicsExtensions on input line 452.

(/usr/share/texlive/texmf-dist/tex/latex/latexconfig/epstopdf-sys.cfg
File: epstopdf-sys.cfg 2010/07/13 v1.3 Configuration of (r)epstopdf for TeX Liv
e
))
Class revtex4-1 Info: Overriding lineo.sty, restoring output routine, on input 
line 19.
Class revtex4-1 Info: Line numbering not turned on yet on input line 19.
\openout3 = `3.0Notes.bib'.

Class revtex4-1 Info: Overriding \@LN@LLerror on input line 19.
LaTeX Font Info:    Try loading font information for U+msa on input line 30.

(/usr/share/texlive/texmf-dist/tex/latex/amsfonts/umsa.fd
File: umsa.fd 2009/06/22 v3.00 AMS symbols A
)
LaTeX Font Info:    Try loading font information for U+msb on input line 30.

(/usr/share/texlive/texmf-dist/tex/latex/amsfonts/umsb.fd
File: umsb.fd 2009/06/22 v3.00 AMS symbols B
) [1{/var/lib/texmf/fonts/map/pdftex/updmap/pdftex.map}]

Package natbib Warning: Citation `Minami2005' on page 2 undefined on input line
 44.


Package natbib Warning: Citation `Gordon1991' on page 2 undefined on input line
 44.


Package natbib Warning: Citation `Treharne2010' on page 2 undefined on input li
ne 44.


Package natbib Warning: Citation `Lincot2009' on page 2 undefined on input line
 44.


Package natbib Warning: Citation `Chalker2013' on page 2 undefined on input lin
e 44.


Package natbib Warning: Citation `Myong1997' on page 2 undefined on input line 
44.


Package natbib Warning: Citation `Shin2006' on page 2 undefined on input line 4
4.


Package natbib Warning: Citation `Minami2005' on page 2 undefined on input line
 44.


Package natbib Warning: Citation `Minami2006' on page 2 undefined on input line
 44.


Package natbib Warning: Citation `Ellmer2001' on page 2 undefined on input line
 44.

[2] [3]

Package natbib Warning: Citation `Treharne2012' on page 4 undefined on input li
ne 61.


Package natbib Warning: Citation `Mergel2002' on page 4 undefined on input line
 61.


Package natbib Warning: Citation `Ashkenov2003' on page 4 undefined on input li
ne 66.


Package natbib Warning: Citation `Nelder1965' on page 4 undefined on input line
 68.


Package natbib Warning: Citation `Macleod1986' on page 4 undefined on input lin
e 72.

[4]

Package natbib Warning: Citation `Urbach1953' on page 5 undefined on input line
 74.


Package natbib Warning: Citation `Paulson1998' on page 5 undefined on input lin
e 76.


Package natbib Warning: Citation `Srikant1998' on page 5 undefined on input lin
e 76.


Package natbib Warning: Citation `Pisarkiewicz1990' on page 5 undefined on inpu
t line 81.

[5]

Package natbib Warning: Citation `Mendelsberg2009' on page 6 undefined on input
 line 90.


Package natbib Warning: Citation `Ruske2009' on page 6 undefined on input line 
90.


Package natbib Warning: Citation `Ellmer2001' on page 6 undefined on input line
 90.


Package natbib Warning: Citation `Burstein1954' on page 6 undefined on input li
ne 95.


Package natbib Warning: Citation `Moss1954' on page 6 undefined on input line 9
5.


Package natbib Warning: Citation `Beni1979' on page 6 undefined on input line 1
05.


Package natbib Warning: Citation `Reynolds1996' on page 6 undefined on input li
ne 105.


Package natbib Warning: Citation `Lu2007' on page 6 undefined on input line 105
.


Package natbib Warning: Citation `Jain1990' on page 6 undefined on input line 1
05.


Package natbib Warning: Citation `Jain1991' on page 6 undefined on input line 1
05.

[6]

Package natbib Warning: Citation `Lu2007' on page 7 undefined on input line 110
.

[7]

Package natbib Warning: Citation `Seto1975' on page 8 undefined on input line 1
36.

[8] [9]

Package natbib Warning: Citation `Carcia2003' on page 10 undefined on input lin
e 161.


Package natbib Warning: Citation `Shigesato2003' on page 10 undefined on input 
line 161.

[10]

Package natbib Warning: Citation `Seto1975' on page 11 undefined on input line 
170.

(./3.0.bbl) <figures/figure1.png, id=49, 659.1024pt x 442.2924pt>
File: figures/figure1.png Graphic file (type png)

<use figures/figure1.png>
Package pdftex.def Info: figures/figure1.png used on input line 184.
(pdftex.def)             Requested size: 374.40143pt x 251.24544pt.


Package natbib Warning: Citation `Treharne2012' on page 11 undefined on input l
ine 185.


Package natbib Warning: Citation `Treharne2012' on page 11 undefined on input l
ine 185.


Class revtex4-1 Warning: Float cannot be placed.

<figures/figure_0.png, id=51, 803.6424pt x 615.0177pt>
File: figures/figure_0.png Graphic file (type png)

<use figures/figure_0.png>
Package pdftex.def Info: figures/figure_0.png used on input line 190.
(pdftex.def)             Requested size: 374.40143pt x 286.52457pt.


Package natbib Warning: Citation `Paulson1998' on page 11 undefined on input li
ne 191.


Package natbib Warning: Citation `Johs1999' on page 11 undefined on input line 
191.


Package natbib Warning: Citation `Paulson1998' on page 11 undefined on input li
ne 191.


Package natbib Warning: Citation `Johs1999' on page 11 undefined on input line 
191.

<figures/figure3b.png, id=52, 659.1024pt x 514.5624pt>
File: figures/figure3b.png Graphic file (type png)

<use figures/figure3b.png>
Package pdftex.def Info: figures/figure3b.png used on input line 196.
(pdftex.def)             Requested size: 374.40143pt x 292.29861pt.


Package natbib Warning: Citation `Mendelsberg2009' on page 11 undefined on inpu
t line 197.


Package natbib Warning: Citation `Anders2012' on page 11 undefined on input lin
e 197.


Package natbib Warning: Citation `Mendelsberg2009' on page 11 undefined on inpu
t line 197.


Package natbib Warning: Citation `Anders2012' on page 11 undefined on input lin
e 197.

<figures/figure5.png, id=53, 442.2924pt x 586.8324pt>
File: figures/figure5.png Graphic file (type png)

<use figures/figure5.png>
Package pdftex.def Info: figures/figure5.png used on input line 202.
(pdftex.def)             Requested size: 221.14566pt x 293.41548pt.


Package natbib Warning: Citation `Jain1990' on page 11 undefined on input line 
203.


Package natbib Warning: Citation `Jain1990' on page 11 undefined on input line 
203.

<figures/figure2.png, id=54, 370.0224pt x 586.8324pt>
File: figures/figure2.png Graphic file (type png)

<use figures/figure2.png>
Package pdftex.def Info: figures/figure2.png used on input line 209.
(pdftex.def)             Requested size: 185.01074pt x 293.41548pt.

<figures/figure_6.png, id=55, 370.0224pt x 586.8324pt>
File: figures/figure_6.png Graphic file (type png)

<use figures/figure_6.png>
Package pdftex.def Info: figures/figure_6.png used on input line 215.
(pdftex.def)             Requested size: 185.01074pt x 293.41548pt.

<figures/figure7.png, id=56, 442.2924pt x 370.0224pt>
File: figures/figure7.png Graphic file (type png)

<use figures/figure7.png>
Package pdftex.def Info: figures/figure7.png used on input line 221.
(pdftex.def)             Requested size: 374.40143pt x 313.22755pt.


Package natbib Warning: Citation `Nelder1965' on page 11 undefined on input lin
e 222.


Package natbib Warning: Citation `Nelder1965' on page 11 undefined on input lin
e 222.


Package natbib Warning: Citation `Lu2007' on page 11 undefined on input line 23
8.


Class revtex4-1 Warning: Environment acknowledgements is obsolete;
Use acknowledgments instead.


Package natbib Warning: There were undefined citations.

[11]

LaTeX Warning: A float is stuck (cannot be placed); try class option [floatfix]
 on input line 244.

[12 <./figures/figure1.png>] [13 <./figures/figure_0.png>] [14 <./figures/figur
e3b.png>] [15 <./figures/figure5.png>] [16 <./figures/figure2.png>] [17 <./figu
res/figure_6.png>] [18 <./figures/figure7.png>] (./3.0.aux)

LaTeX Warning: There were multiply-defined labels.

 ) 
Here is how much of TeX's memory you used:
 4588 strings out of 493485
 60369 string characters out of 3143526
 144649 words of memory out of 3000000
 7834 multiletter control sequences out of 15000+200000
 12345 words of font info for 47 fonts, out of 3000000 for 9000
 957 hyphenation exceptions out of 8191
 38i,11n,35p,1317b,352s stack positions out of 5000i,500n,10000p,200000b,50000s
</usr/share/texlive/texmf-dist/fonts/type1/public/amsfonts/cm/cmbx10.pfb></us
r/share/texlive/texmf-dist/fonts/type1/public/amsfonts/cm/cmbx12.pfb></usr/shar
e/texlive/texmf-dist/fonts/type1/public/amsfonts/cm/cmex10.pfb></usr/share/texl
ive/texmf-dist/fonts/type1/public/amsfonts/cm/cmmi10.pfb></usr/share/texlive/te
xmf-dist/fonts/type1/public/amsfonts/cm/cmmi12.pfb></usr/share/texlive/texmf-di
st/fonts/type1/public/amsfonts/cm/cmmi6.pfb></usr/share/texlive/texmf-dist/font
s/type1/public/amsfonts/cm/cmmi8.pfb></usr/share/texlive/texmf-dist/fonts/type1
/public/amsfonts/cm/cmr10.pfb></usr/share/texlive/texmf-dist/fonts/type1/public
/amsfonts/cm/cmr12.pfb></usr/share/texlive/texmf-dist/fonts/type1/public/amsfon
ts/cm/cmr8.pfb></usr/share/texlive/texmf-dist/fonts/type1/public/amsfonts/cm/cm
ss8.pfb></usr/share/texlive/texmf-dist/fonts/type1/public/amsfonts/cm/cmsy10.pf
b></usr/share/texlive/texmf-dist/fonts/type1/public/amsfonts/cm/cmsy8.pfb></usr
/share/texlive/texmf-dist/fonts/type1/public/amsfonts/cm/cmti12.pfb></usr/share
/texlive/texmf-dist/fonts/type1/public/amsfonts/symbols/msbm10.pfb>
Output written on 3.0.pdf (18 pages, 647825 bytes).
PDF statistics:
 137 PDF objects out of 1000 (max. 8388607)
 87 compressed objects within 1 object stream
 0 named destinations out of 1000 (max. 500000)
 36 words of extra memory for PDF output out of 10000 (max. 10000000)

